<?xml version="1.0" encoding="UTF-8"?>
<testng-results ignored="0" total="4" passed="3" failed="0" skipped="1">
  <reporter-output>
  </reporter-output>
  <suite started-at="2025-03-27T23:34:39 IST" name="Default suite" finished-at="2025-03-27T23:35:08 IST" duration-ms="28888">
    <groups>
    </groups>
    <test started-at="2025-03-27T23:34:39 IST" name="Default test" finished-at="2025-03-27T23:35:08 IST" duration-ms="28888">
      <class name="com.ExtentReportDemo">
        <test-method is-config="true" signature="launch()[pri:0, instance:com.ExtentReportDemo@bcec361]" started-at="2025-03-27T23:34:39 IST" name="launch" finished-at="2025-03-27T23:34:46 IST" duration-ms="6570" status="PASS">
          <reporter-output>
          </reporter-output>
        </test-method> <!-- launch -->
        <test-method signature="validateTitle()[pri:1, instance:com.ExtentReportDemo@bcec361]" started-at="2025-03-27T23:34:46 IST" name="validateTitle" finished-at="2025-03-27T23:34:46 IST" duration-ms="29" status="PASS">
          <reporter-output>
          </reporter-output>
        </test-method> <!-- validateTitle -->
        <test-method signature="gmailValidate()[pri:2, instance:com.ExtentReportDemo@bcec361]" started-at="2025-03-27T23:34:46 IST" name="gmailValidate" finished-at="2025-03-27T23:34:57 IST" duration-ms="10488" status="PASS">
          <reporter-output>
          </reporter-output>
        </test-method> <!-- gmailValidate -->
        <test-method signature="loginTest()[pri:3, instance:com.ExtentReportDemo@bcec361]" started-at="2025-03-27T23:34:57 IST" name="loginTest" finished-at="2025-03-27T23:35:07 IST" duration-ms="10342" status="PASS">
          <reporter-output>
          </reporter-output>
        </test-method> <!-- loginTest -->
        <test-method signature="skipTest()[pri:4, instance:com.ExtentReportDemo@bcec361]" started-at="2025-03-27T23:35:07 IST" name="skipTest" finished-at="2025-03-27T23:35:07 IST" duration-ms="3" status="SKIP">
          <exception class="org.testng.SkipException">
            <message>
              <![CDATA[This test is skipped..]]>
            </message>
            <full-stacktrace>
              <![CDATA[org.testng.SkipException: This test is skipped..
at com.ExtentReportDemo.skipTest(ExtentReportDemo.java:98)
at java.base/jdk.internal.reflect.DirectMethodHandleAccessor.invoke(DirectMethodHandleAccessor.java:103)
at java.base/java.lang.reflect.Method.invoke(Method.java:580)
at org.testng.internal.invokers.MethodInvocationHelper.invokeMethod(MethodInvocationHelper.java:141)
at org.testng.internal.invokers.TestInvoker.invokeMethod(TestInvoker.java:687)
at org.testng.internal.invokers.TestInvoker.invokeTestMethod(TestInvoker.java:230)
at org.testng.internal.invokers.MethodRunner.runInSequence(MethodRunner.java:63)
at org.testng.internal.invokers.TestInvoker$MethodInvocationAgent.invoke(TestInvoker.java:995)
at org.testng.internal.invokers.TestInvoker.invokeTestMethods(TestInvoker.java:203)
at org.testng.internal.invokers.TestMethodWorker.invokeTestMethods(TestMethodWorker.java:154)
at org.testng.internal.invokers.TestMethodWorker.run(TestMethodWorker.java:134)
at java.base/java.util.ArrayList.forEach(ArrayList.java:1596)
at org.testng.TestRunner.privateRun(TestRunner.java:741)
at org.testng.TestRunner.run(TestRunner.java:616)
at org.testng.SuiteRunner.runTest(SuiteRunner.java:421)
at org.testng.SuiteRunner.runSequentially(SuiteRunner.java:413)
at org.testng.SuiteRunner.privateRun(SuiteRunner.java:373)
at org.testng.SuiteRunner.run(SuiteRunner.java:312)
at org.testng.SuiteRunnerWorker.runSuite(SuiteRunnerWorker.java:52)
at org.testng.SuiteRunnerWorker.run(SuiteRunnerWorker.java:95)
at org.testng.TestNG.runSuitesSequentially(TestNG.java:1274)
at org.testng.TestNG.runSuitesLocally(TestNG.java:1208)
at org.testng.TestNG.runSuites(TestNG.java:1112)
at org.testng.TestNG.run(TestNG.java:1079)
at org.testng.remote.AbstractRemoteTestNG.run(AbstractRemoteTestNG.java:115)
at org.testng.remote.RemoteTestNG.initAndRun(RemoteTestNG.java:293)
at org.testng.remote.RemoteTestNG.main(RemoteTestNG.java:91)
]]>
            </full-stacktrace>
          </exception> <!-- org.testng.SkipException -->
          <reporter-output>
          </reporter-output>
        </test-method> <!-- skipTest -->
        <test-method is-config="true" signature="teardown()[pri:0, instance:com.ExtentReportDemo@bcec361]" started-at="2025-03-27T23:35:07 IST" name="teardown" finished-at="2025-03-27T23:35:08 IST" duration-ms="1354" status="PASS">
          <reporter-output>
          </reporter-output>
        </test-method> <!-- teardown -->
      </class> <!-- com.ExtentReportDemo -->
    </test> <!-- Default test -->
  </suite> <!-- Default suite -->
</testng-results>
