<?xml version="1.0" encoding="UTF-8"?>
<testng-results ignored="0" total="1" passed="1" failed="0" skipped="0">
  <reporter-output>
  </reporter-output>
  <suite started-at="2025-03-27T11:12:39 IST" name="Default suite" finished-at="2025-03-27T11:12:48 IST" duration-ms="9161">
    <groups>
    </groups>
    <test started-at="2025-03-27T11:12:39 IST" name="Default test" finished-at="2025-03-27T11:12:48 IST" duration-ms="9161">
      <class name="automationexcercise.ContactUsForm">
        <test-method signature="setUp()[pri:1, instance:automationexcercise.ContactUsForm@2c532cd8]" started-at="2025-03-27T11:12:39 IST" name="setUp" finished-at="2025-03-27T11:12:48 IST" duration-ms="9079" status="PASS">
          <reporter-output>
          </reporter-output>
        </test-method> <!-- setUp -->
      </class> <!-- automationexcercise.ContactUsForm -->
    </test> <!-- Default test -->
  </suite> <!-- Default suite -->
</testng-results>
